[0.418s] Invoking command in '/home/renth/maping_ws/src/my_planning_package': CONDA_PROMPT_MODIFIER=(demo1) PYTHONPATH=/home/renth/maping_ws/build/my_planning_package/prefix_override:/home/renth/anaconda3/envs/demo1/lib/python3.10/site-packages/colcon_core/task/python/colcon_distutils_commands:/home/renth/maping_ws/install/my_planning_package/lib/python3.10/site-packages:${PYTHONPATH} /home/renth/anaconda3/envs/demo1/bin/python -W ignore:setup.py install is deprecated -W ignore:easy_install command is deprecated setup.py egg_info --egg-base ../../build/my_planning_package build --build-base /home/renth/maping_ws/build/my_planning_package/build install --record /home/renth/maping_ws/build/my_planning_package/install.log --single-version-externally-managed install_data
[0.522s] running egg_info
[0.522s] writing ../../build/my_planning_package/my_planning_package.egg-info/PKG-INFO
[0.522s] writing dependency_links to ../../build/my_planning_package/my_planning_package.egg-info/dependency_links.txt
[0.522s] writing entry points to ../../build/my_planning_package/my_planning_package.egg-info/entry_points.txt
[0.522s] writing requirements to ../../build/my_planning_package/my_planning_package.egg-info/requires.txt
[0.523s] writing top-level names to ../../build/my_planning_package/my_planning_package.egg-info/top_level.txt
[0.523s] reading manifest file '../../build/my_planning_package/my_planning_package.egg-info/SOURCES.txt'
[0.524s] writing manifest file '../../build/my_planning_package/my_planning_package.egg-info/SOURCES.txt'
[0.524s] running build
[0.524s] running build_py
[0.524s] copying my_planning_package/route_visualizator.py -> /home/renth/maping_ws/build/my_planning_package/build/lib/my_planning_package
[0.524s] running install
[0.524s] running install_lib
[0.524s] copying /home/renth/maping_ws/build/my_planning_package/build/lib/my_planning_package/route_visualizator.py -> /home/renth/maping_ws/install/my_planning_package/lib/python3.10/site-packages/my_planning_package
[0.525s] byte-compiling /home/renth/maping_ws/install/my_planning_package/lib/python3.10/site-packages/my_planning_package/route_visualizator.py to route_visualizator.cpython-310.pyc
[0.525s] running install_data
[0.525s] running install_egg_info
[0.526s] removing '/home/renth/maping_ws/install/my_planning_package/lib/python3.10/site-packages/my_planning_package-0.0.0-py3.10.egg-info' (and everything under it)
[0.526s] Copying ../../build/my_planning_package/my_planning_package.egg-info to /home/renth/maping_ws/install/my_planning_package/lib/python3.10/site-packages/my_planning_package-0.0.0-py3.10.egg-info
[0.527s] running install_scripts
[0.537s] Installing lane_waypoint_planner script to /home/renth/maping_ws/install/my_planning_package/lib/my_planning_package
[0.538s] Installing pose_goal_publisher script to /home/renth/maping_ws/install/my_planning_package/lib/my_planning_package
[0.538s] Installing route_visualizator script to /home/renth/maping_ws/install/my_planning_package/lib/my_planning_package
[0.538s] writing list of installed files to '/home/renth/maping_ws/build/my_planning_package/install.log'
[0.551s] Invoked command in '/home/renth/maping_ws/src/my_planning_package' returned '0': CONDA_PROMPT_MODIFIER=(demo1) PYTHONPATH=/home/renth/maping_ws/build/my_planning_package/prefix_override:/home/renth/anaconda3/envs/demo1/lib/python3.10/site-packages/colcon_core/task/python/colcon_distutils_commands:/home/renth/maping_ws/install/my_planning_package/lib/python3.10/site-packages:${PYTHONPATH} /home/renth/anaconda3/envs/demo1/bin/python -W ignore:setup.py install is deprecated -W ignore:easy_install command is deprecated setup.py egg_info --egg-base ../../build/my_planning_package build --build-base /home/renth/maping_ws/build/my_planning_package/build install --record /home/renth/maping_ws/build/my_planning_package/install.log --single-version-externally-managed install_data
