[0.401s] Invoking command in '/home/renth/maping_ws/src/my_mapping_package': CONDA_PROMPT_MODIFIER=(demo1) PYTHONPATH=/home/renth/maping_ws/build/my_mapping_package/prefix_override:/home/renth/anaconda3/envs/demo1/lib/python3.10/site-packages/colcon_core/task/python/colcon_distutils_commands:/home/renth/maping_ws/install/my_mapping_package/lib/python3.10/site-packages:${PYTHONPATH} /home/renth/anaconda3/envs/demo1/bin/python -W ignore:setup.py install is deprecated -W ignore:easy_install command is deprecated setup.py egg_info --egg-base ../../build/my_mapping_package build --build-base /home/renth/maping_ws/build/my_mapping_package/build install --record /home/renth/maping_ws/build/my_mapping_package/install.log --single-version-externally-managed install_data
[0.504s] running egg_info
[0.504s] writing ../../build/my_mapping_package/my_mapping_package.egg-info/PKG-INFO
[0.504s] writing dependency_links to ../../build/my_mapping_package/my_mapping_package.egg-info/dependency_links.txt
[0.504s] writing entry points to ../../build/my_mapping_package/my_mapping_package.egg-info/entry_points.txt
[0.504s] writing requirements to ../../build/my_mapping_package/my_mapping_package.egg-info/requires.txt
[0.504s] writing top-level names to ../../build/my_mapping_package/my_mapping_package.egg-info/top_level.txt
[0.505s] reading manifest file '../../build/my_mapping_package/my_mapping_package.egg-info/SOURCES.txt'
[0.505s] writing manifest file '../../build/my_mapping_package/my_mapping_package.egg-info/SOURCES.txt'
[0.505s] running build
[0.505s] running build_py
[0.505s] running install
[0.506s] running install_lib
[0.506s] running install_data
[0.506s] running install_egg_info
[0.507s] removing '/home/renth/maping_ws/install/my_mapping_package/lib/python3.10/site-packages/my_mapping_package-0.0.0-py3.10.egg-info' (and everything under it)
[0.507s] Copying ../../build/my_mapping_package/my_mapping_package.egg-info to /home/renth/maping_ws/install/my_mapping_package/lib/python3.10/site-packages/my_mapping_package-0.0.0-py3.10.egg-info
[0.507s] running install_scripts
[0.517s] Installing map_monitor script to /home/renth/maping_ws/install/my_mapping_package/lib/my_mapping_package
[0.517s] Installing map_visualizator script to /home/renth/maping_ws/install/my_mapping_package/lib/my_mapping_package
[0.517s] Installing monitor_visualizator script to /home/renth/maping_ws/install/my_mapping_package/lib/my_mapping_package
[0.517s] writing list of installed files to '/home/renth/maping_ws/build/my_mapping_package/install.log'
[0.528s] Invoked command in '/home/renth/maping_ws/src/my_mapping_package' returned '0': CONDA_PROMPT_MODIFIER=(demo1) PYTHONPATH=/home/renth/maping_ws/build/my_mapping_package/prefix_override:/home/renth/anaconda3/envs/demo1/lib/python3.10/site-packages/colcon_core/task/python/colcon_distutils_commands:/home/renth/maping_ws/install/my_mapping_package/lib/python3.10/site-packages:${PYTHONPATH} /home/renth/anaconda3/envs/demo1/bin/python -W ignore:setup.py install is deprecated -W ignore:easy_install command is deprecated setup.py egg_info --egg-base ../../build/my_mapping_package build --build-base /home/renth/maping_ws/build/my_mapping_package/build install --record /home/renth/maping_ws/build/my_mapping_package/install.log --single-version-externally-managed install_data
