running egg_info
creating ../../build/my_mapping_package/my_mapping_package.egg-info
writing ../../build/my_mapping_package/my_mapping_package.egg-info/PKG-INFO
writing dependency_links to ../../build/my_mapping_package/my_mapping_package.egg-info/dependency_links.txt
writing entry points to ../../build/my_mapping_package/my_mapping_package.egg-info/entry_points.txt
writing requirements to ../../build/my_mapping_package/my_mapping_package.egg-info/requires.txt
writing top-level names to ../../build/my_mapping_package/my_mapping_package.egg-info/top_level.txt
writing manifest file '../../build/my_mapping_package/my_mapping_package.egg-info/SOURCES.txt'
reading manifest file '../../build/my_mapping_package/my_mapping_package.egg-info/SOURCES.txt'
writing manifest file '../../build/my_mapping_package/my_mapping_package.egg-info/SOURCES.txt'
running build
running build_py
creating /home/renth/maping_ws/build/my_mapping_package/build
creating /home/renth/maping_ws/build/my_mapping_package/build/lib
creating /home/renth/maping_ws/build/my_mapping_package/build/lib/my_mapping_package
copying my_mapping_package/monitor_visualizator.py -> /home/renth/maping_ws/build/my_mapping_package/build/lib/my_mapping_package
copying my_mapping_package/map_monitor.py -> /home/renth/maping_ws/build/my_mapping_package/build/lib/my_mapping_package
copying my_mapping_package/map_visualizator.py -> /home/renth/maping_ws/build/my_mapping_package/build/lib/my_mapping_package
copying my_mapping_package/__init__.py -> /home/renth/maping_ws/build/my_mapping_package/build/lib/my_mapping_package
running install
running install_lib
creating /home/renth/maping_ws/install/my_mapping_package/lib/python3.10/site-packages/my_mapping_package
copying /home/renth/maping_ws/build/my_mapping_package/build/lib/my_mapping_package/monitor_visualizator.py -> /home/renth/maping_ws/install/my_mapping_package/lib/python3.10/site-packages/my_mapping_package
copying /home/renth/maping_ws/build/my_mapping_package/build/lib/my_mapping_package/map_monitor.py -> /home/renth/maping_ws/install/my_mapping_package/lib/python3.10/site-packages/my_mapping_package
copying /home/renth/maping_ws/build/my_mapping_package/build/lib/my_mapping_package/map_visualizator.py -> /home/renth/maping_ws/install/my_mapping_package/lib/python3.10/site-packages/my_mapping_package
copying /home/renth/maping_ws/build/my_mapping_package/build/lib/my_mapping_package/__init__.py -> /home/renth/maping_ws/install/my_mapping_package/lib/python3.10/site-packages/my_mapping_package
byte-compiling /home/renth/maping_ws/install/my_mapping_package/lib/python3.10/site-packages/my_mapping_package/monitor_visualizator.py to monitor_visualizator.cpython-310.pyc
byte-compiling /home/renth/maping_ws/install/my_mapping_package/lib/python3.10/site-packages/my_mapping_package/map_monitor.py to map_monitor.cpython-310.pyc
byte-compiling /home/renth/maping_ws/install/my_mapping_package/lib/python3.10/site-packages/my_mapping_package/map_visualizator.py to map_visualizator.cpython-310.pyc
byte-compiling /home/renth/maping_ws/install/my_mapping_package/lib/python3.10/site-packages/my_mapping_package/__init__.py to __init__.cpython-310.pyc
running install_data
creating /home/renth/maping_ws/install/my_mapping_package/share/ament_index
creating /home/renth/maping_ws/install/my_mapping_package/share/ament_index/resource_index
creating /home/renth/maping_ws/install/my_mapping_package/share/ament_index/resource_index/packages
copying resource/my_mapping_package -> /home/renth/maping_ws/install/my_mapping_package/share/ament_index/resource_index/packages
copying package.xml -> /home/renth/maping_ws/install/my_mapping_package/share/my_mapping_package
running install_egg_info
Copying ../../build/my_mapping_package/my_mapping_package.egg-info to /home/renth/maping_ws/install/my_mapping_package/lib/python3.10/site-packages/my_mapping_package-0.0.0-py3.10.egg-info
running install_scripts
Installing map_monitor script to /home/renth/maping_ws/install/my_mapping_package/lib/my_mapping_package
Installing map_visualizator script to /home/renth/maping_ws/install/my_mapping_package/lib/my_mapping_package
Installing monitor_visualizator script to /home/renth/maping_ws/install/my_mapping_package/lib/my_mapping_package
writing list of installed files to '/home/renth/maping_ws/build/my_mapping_package/install.log'
