[0.398s] Invoking command in '/home/renth/maping_ws/src/my_mapping_package': CONDA_PROMPT_MODIFIER=(demo1) PYTHONPATH=/home/renth/maping_ws/build/my_mapping_package/prefix_override:/home/renth/anaconda3/envs/demo1/lib/python3.10/site-packages/colcon_core/task/python/colcon_distutils_commands:/home/renth/maping_ws/install/my_mapping_package/lib/python3.10/site-packages:${PYTHONPATH} /home/renth/anaconda3/envs/demo1/bin/python -W ignore:setup.py install is deprecated -W ignore:easy_install command is deprecated setup.py egg_info --egg-base ../../build/my_mapping_package build --build-base /home/renth/maping_ws/build/my_mapping_package/build install --record /home/renth/maping_ws/build/my_mapping_package/install.log --single-version-externally-managed install_data
[0.496s] running egg_info
[0.496s] creating ../../build/my_mapping_package/my_mapping_package.egg-info
[0.496s] writing ../../build/my_mapping_package/my_mapping_package.egg-info/PKG-INFO
[0.496s] writing dependency_links to ../../build/my_mapping_package/my_mapping_package.egg-info/dependency_links.txt
[0.496s] writing entry points to ../../build/my_mapping_package/my_mapping_package.egg-info/entry_points.txt
[0.496s] writing requirements to ../../build/my_mapping_package/my_mapping_package.egg-info/requires.txt
[0.496s] writing top-level names to ../../build/my_mapping_package/my_mapping_package.egg-info/top_level.txt
[0.496s] writing manifest file '../../build/my_mapping_package/my_mapping_package.egg-info/SOURCES.txt'
[0.497s] reading manifest file '../../build/my_mapping_package/my_mapping_package.egg-info/SOURCES.txt'
[0.497s] writing manifest file '../../build/my_mapping_package/my_mapping_package.egg-info/SOURCES.txt'
[0.497s] running build
[0.497s] running build_py
[0.497s] creating /home/renth/maping_ws/build/my_mapping_package/build
[0.497s] creating /home/renth/maping_ws/build/my_mapping_package/build/lib
[0.497s] creating /home/renth/maping_ws/build/my_mapping_package/build/lib/my_mapping_package
[0.497s] copying my_mapping_package/monitor_visualizator.py -> /home/renth/maping_ws/build/my_mapping_package/build/lib/my_mapping_package
[0.497s] copying my_mapping_package/map_monitor.py -> /home/renth/maping_ws/build/my_mapping_package/build/lib/my_mapping_package
[0.497s] copying my_mapping_package/map_visualizator.py -> /home/renth/maping_ws/build/my_mapping_package/build/lib/my_mapping_package
[0.497s] copying my_mapping_package/__init__.py -> /home/renth/maping_ws/build/my_mapping_package/build/lib/my_mapping_package
[0.498s] running install
[0.498s] running install_lib
[0.498s] creating /home/renth/maping_ws/install/my_mapping_package/lib/python3.10/site-packages/my_mapping_package
[0.498s] copying /home/renth/maping_ws/build/my_mapping_package/build/lib/my_mapping_package/monitor_visualizator.py -> /home/renth/maping_ws/install/my_mapping_package/lib/python3.10/site-packages/my_mapping_package
[0.498s] copying /home/renth/maping_ws/build/my_mapping_package/build/lib/my_mapping_package/map_monitor.py -> /home/renth/maping_ws/install/my_mapping_package/lib/python3.10/site-packages/my_mapping_package
[0.498s] copying /home/renth/maping_ws/build/my_mapping_package/build/lib/my_mapping_package/map_visualizator.py -> /home/renth/maping_ws/install/my_mapping_package/lib/python3.10/site-packages/my_mapping_package
[0.498s] copying /home/renth/maping_ws/build/my_mapping_package/build/lib/my_mapping_package/__init__.py -> /home/renth/maping_ws/install/my_mapping_package/lib/python3.10/site-packages/my_mapping_package
[0.498s] byte-compiling /home/renth/maping_ws/install/my_mapping_package/lib/python3.10/site-packages/my_mapping_package/monitor_visualizator.py to monitor_visualizator.cpython-310.pyc
[0.498s] byte-compiling /home/renth/maping_ws/install/my_mapping_package/lib/python3.10/site-packages/my_mapping_package/map_monitor.py to map_monitor.cpython-310.pyc
[0.499s] byte-compiling /home/renth/maping_ws/install/my_mapping_package/lib/python3.10/site-packages/my_mapping_package/map_visualizator.py to map_visualizator.cpython-310.pyc
[0.499s] byte-compiling /home/renth/maping_ws/install/my_mapping_package/lib/python3.10/site-packages/my_mapping_package/__init__.py to __init__.cpython-310.pyc
[0.499s] running install_data
[0.499s] creating /home/renth/maping_ws/install/my_mapping_package/share/ament_index
[0.499s] creating /home/renth/maping_ws/install/my_mapping_package/share/ament_index/resource_index
[0.499s] creating /home/renth/maping_ws/install/my_mapping_package/share/ament_index/resource_index/packages
[0.499s] copying resource/my_mapping_package -> /home/renth/maping_ws/install/my_mapping_package/share/ament_index/resource_index/packages
[0.499s] copying package.xml -> /home/renth/maping_ws/install/my_mapping_package/share/my_mapping_package
[0.499s] running install_egg_info
[0.500s] Copying ../../build/my_mapping_package/my_mapping_package.egg-info to /home/renth/maping_ws/install/my_mapping_package/lib/python3.10/site-packages/my_mapping_package-0.0.0-py3.10.egg-info
[0.500s] running install_scripts
[0.510s] Installing map_monitor script to /home/renth/maping_ws/install/my_mapping_package/lib/my_mapping_package
[0.510s] Installing map_visualizator script to /home/renth/maping_ws/install/my_mapping_package/lib/my_mapping_package
[0.510s] Installing monitor_visualizator script to /home/renth/maping_ws/install/my_mapping_package/lib/my_mapping_package
[0.510s] writing list of installed files to '/home/renth/maping_ws/build/my_mapping_package/install.log'
[0.522s] Invoked command in '/home/renth/maping_ws/src/my_mapping_package' returned '0': CONDA_PROMPT_MODIFIER=(demo1) PYTHONPATH=/home/renth/maping_ws/build/my_mapping_package/prefix_override:/home/renth/anaconda3/envs/demo1/lib/python3.10/site-packages/colcon_core/task/python/colcon_distutils_commands:/home/renth/maping_ws/install/my_mapping_package/lib/python3.10/site-packages:${PYTHONPATH} /home/renth/anaconda3/envs/demo1/bin/python -W ignore:setup.py install is deprecated -W ignore:easy_install command is deprecated setup.py egg_info --egg-base ../../build/my_mapping_package build --build-base /home/renth/maping_ws/build/my_mapping_package/build install --record /home/renth/maping_ws/build/my_mapping_package/install.log --single-version-externally-managed install_data
