/home/renth/maping_ws/install/my_mapping_package/lib/python3.10/site-packages/my_mapping_package/monitor_visualizator.py
/home/renth/maping_ws/install/my_mapping_package/lib/python3.10/site-packages/my_mapping_package/map_monitor.py
/home/renth/maping_ws/install/my_mapping_package/lib/python3.10/site-packages/my_mapping_package/map_visualizator.py
/home/renth/maping_ws/install/my_mapping_package/lib/python3.10/site-packages/my_mapping_package/__init__.py
/home/renth/maping_ws/install/my_mapping_package/lib/python3.10/site-packages/my_mapping_package/__pycache__/monitor_visualizator.cpython-310.pyc
/home/renth/maping_ws/install/my_mapping_package/lib/python3.10/site-packages/my_mapping_package/__pycache__/map_monitor.cpython-310.pyc
/home/renth/maping_ws/install/my_mapping_package/lib/python3.10/site-packages/my_mapping_package/__pycache__/map_visualizator.cpython-310.pyc
/home/renth/maping_ws/install/my_mapping_package/lib/python3.10/site-packages/my_mapping_package/__pycache__/__init__.cpython-310.pyc
/home/renth/maping_ws/install/my_mapping_package/share/ament_index/resource_index/packages/my_mapping_package
/home/renth/maping_ws/install/my_mapping_package/share/my_mapping_package/package.xml
/home/renth/maping_ws/install/my_mapping_package/lib/python3.10/site-packages/my_mapping_package-0.0.0-py3.10.egg-info/requires.txt
/home/renth/maping_ws/install/my_mapping_package/lib/python3.10/site-packages/my_mapping_package-0.0.0-py3.10.egg-info/zip-safe
/home/renth/maping_ws/install/my_mapping_package/lib/python3.10/site-packages/my_mapping_package-0.0.0-py3.10.egg-info/entry_points.txt
/home/renth/maping_ws/install/my_mapping_package/lib/python3.10/site-packages/my_mapping_package-0.0.0-py3.10.egg-info/PKG-INFO
/home/renth/maping_ws/install/my_mapping_package/lib/python3.10/site-packages/my_mapping_package-0.0.0-py3.10.egg-info/SOURCES.txt
/home/renth/maping_ws/install/my_mapping_package/lib/python3.10/site-packages/my_mapping_package-0.0.0-py3.10.egg-info/dependency_links.txt
/home/renth/maping_ws/install/my_mapping_package/lib/python3.10/site-packages/my_mapping_package-0.0.0-py3.10.egg-info/top_level.txt
/home/renth/maping_ws/install/my_mapping_package/lib/my_mapping_package/map_monitor
/home/renth/maping_ws/install/my_mapping_package/lib/my_mapping_package/map_visualizator
/home/renth/maping_ws/install/my_mapping_package/lib/my_mapping_package/monitor_visualizator
