/home/renth/maping_ws/src/install/my_planning_package/lib/python3.10/site-packages/my_planning_package/route_visualizator.py
/home/renth/maping_ws/src/install/my_planning_package/lib/python3.10/site-packages/my_planning_package/lane_waypoint_planner.py
/home/renth/maping_ws/src/install/my_planning_package/lib/python3.10/site-packages/my_planning_package/ros2_lane_waypoint_planner.py
/home/renth/maping_ws/src/install/my_planning_package/lib/python3.10/site-packages/my_planning_package/lane_graph_planner.py
/home/renth/maping_ws/src/install/my_planning_package/lib/python3.10/site-packages/my_planning_package/__init__.py
/home/renth/maping_ws/src/install/my_planning_package/lib/python3.10/site-packages/my_planning_package/__pycache__/route_visualizator.cpython-310.pyc
/home/renth/maping_ws/src/install/my_planning_package/lib/python3.10/site-packages/my_planning_package/__pycache__/lane_waypoint_planner.cpython-310.pyc
/home/renth/maping_ws/src/install/my_planning_package/lib/python3.10/site-packages/my_planning_package/__pycache__/ros2_lane_waypoint_planner.cpython-310.pyc
/home/renth/maping_ws/src/install/my_planning_package/lib/python3.10/site-packages/my_planning_package/__pycache__/lane_graph_planner.cpython-310.pyc
/home/renth/maping_ws/src/install/my_planning_package/lib/python3.10/site-packages/my_planning_package/__pycache__/__init__.cpython-310.pyc
/home/renth/maping_ws/src/install/my_planning_package/share/ament_index/resource_index/packages/my_planning_package
/home/renth/maping_ws/src/install/my_planning_package/share/my_planning_package/package.xml
/home/renth/maping_ws/src/install/my_planning_package/lib/python3.10/site-packages/my_planning_package-0.0.0-py3.10.egg-info/requires.txt
/home/renth/maping_ws/src/install/my_planning_package/lib/python3.10/site-packages/my_planning_package-0.0.0-py3.10.egg-info/zip-safe
/home/renth/maping_ws/src/install/my_planning_package/lib/python3.10/site-packages/my_planning_package-0.0.0-py3.10.egg-info/entry_points.txt
/home/renth/maping_ws/src/install/my_planning_package/lib/python3.10/site-packages/my_planning_package-0.0.0-py3.10.egg-info/PKG-INFO
/home/renth/maping_ws/src/install/my_planning_package/lib/python3.10/site-packages/my_planning_package-0.0.0-py3.10.egg-info/SOURCES.txt
/home/renth/maping_ws/src/install/my_planning_package/lib/python3.10/site-packages/my_planning_package-0.0.0-py3.10.egg-info/dependency_links.txt
/home/renth/maping_ws/src/install/my_planning_package/lib/python3.10/site-packages/my_planning_package-0.0.0-py3.10.egg-info/top_level.txt
/home/renth/maping_ws/src/install/my_planning_package/lib/my_planning_package/lane_way_point_planner
/home/renth/maping_ws/src/install/my_planning_package/lib/my_planning_package/route_visualizator
